<?xml version="1.0" encoding="UTF-8"?>
<testsuite xmlns:xsi="http://www.w3.org/2001/XMLSchema-instance" xsi:noNamespaceSchemaLocation="https://maven.apache.org/surefire/maven-surefire-plugin/xsd/surefire-test-report-3.0.xsd" version="3.0" name="com.example.school_registration.SchoolRegistrationApplicationTests" time="8.616" tests="1" errors="0" skipped="0" failures="0">
  <properties>
[...]
</properties>
  <testcase name="contextLoads" classname="com.example.school_registration.SchoolRegistrationApplicationTests" time="0.789">
    <system-out><![CDATA[01:54:36.791 [main] INFO org.springframework.test.context.support.AnnotationConfigContextLoaderUtils -- Could not detect default configuration classes for test class [com.example.school_registration.SchoolRegistrationApplicationTests]: SchoolRegistrationApplicationTests does not declare any static, non-private, non-final, nested classes annotated with @Configuration.
01:54:36.970 [main] INFO org.springframework.boot.test.context.SpringBootTestContextBootstrapper -- Found @SpringBootConfiguration com.example.school_registration.SchoolRegistrationApplication for test class com.example.school_registration.SchoolRegistrationApplicationTests
  .   ____          _            __ _ _
 /\\ / ___'_ __ _ _(_)_ __  __ _ \ \ \ \
( ( )\___ | '_ | '_| | '_ \/ _` | \ \ \ \
 \\/  ___)| |_)| | | | | || (_| |  ) ) ) )
  '  |____| .__|_| |_|_| |_\__, | / / / /
 =========|_|==============|___/=/_/_/_/

 :: Spring Boot ::                (v3.3.0)

2024-06-07T01:54:37.573+03:00  INFO 13055 --- [school_registration] [           main] c.e.s.SchoolRegistrationApplicationTests : Starting SchoolRegistrationApplicationTests using Java 21.0.2 with PID 13055 (started by user in /Users/Melckzedeck063/Desktop/development/Spring/school_registration)
2024-06-07T01:54:37.576+03:00  INFO 13055 --- [school_registration] [           main] c.e.s.SchoolRegistrationApplicationTests : No active profile set, falling back to 1 default profile: "default"
2024-06-07T01:54:38.723+03:00  INFO 13055 --- [school_registration] [           main] .s.d.r.c.RepositoryConfigurationDelegate : Bootstrapping Spring Data JPA repositories in DEFAULT mode.
2024-06-07T01:54:38.961+03:00  INFO 13055 --- [school_registration] [           main] .s.d.r.c.RepositoryConfigurationDelegate : Finished Spring Data repository scanning in 228 ms. Found 6 JPA repository interfaces.
2024-06-07T01:54:39.817+03:00  INFO 13055 --- [school_registration] [           main] o.hibernate.jpa.internal.util.LogHelper  : HHH000204: Processing PersistenceUnitInfo [name: default]
2024-06-07T01:54:39.891+03:00  INFO 13055 --- [school_registration] [           main] org.hibernate.Version                    : HHH000412: Hibernate ORM core version 6.5.2.Final
2024-06-07T01:54:39.936+03:00  INFO 13055 --- [school_registration] [           main] o.h.c.internal.RegionFactoryInitiator    : HHH000026: Second-level cache disabled
2024-06-07T01:54:40.336+03:00  INFO 13055 --- [school_registration] [           main] o.s.o.j.p.SpringPersistenceUnitInfo      : No LoadTimeWeaver setup: ignoring JPA class transformer
2024-06-07T01:54:40.374+03:00  INFO 13055 --- [school_registration] [           main] com.zaxxer.hikari.HikariDataSource       : HikariPool-1 - Starting...
2024-06-07T01:54:40.734+03:00  INFO 13055 --- [school_registration] [           main] com.zaxxer.hikari.pool.HikariPool        : HikariPool-1 - Added connection org.postgresql.jdbc.PgConnection@83ebdc5
2024-06-07T01:54:40.736+03:00  INFO 13055 --- [school_registration] [           main] com.zaxxer.hikari.HikariDataSource       : HikariPool-1 - Start completed.
2024-06-07T01:54:40.777+03:00  WARN 13055 --- [school_registration] [           main] org.hibernate.orm.deprecation            : HHH90000025: PostgreSQLDialect does not need to be specified explicitly using 'hibernate.dialect' (remove the property setting and it will be selected by default)
2024-06-07T01:54:42.177+03:00  INFO 13055 --- [school_registration] [           main] o.h.e.t.j.p.i.JtaPlatformInitiator       : HHH000489: No JTA platform available (set 'hibernate.transaction.jta.platform' to enable JTA platform integration)
2024-06-07T01:54:42.367+03:00  INFO 13055 --- [school_registration] [           main] j.LocalContainerEntityManagerFactoryBean : Initialized JPA EntityManagerFactory for persistence unit 'default'
2024-06-07T01:54:42.880+03:00  INFO 13055 --- [school_registration] [           main] eAuthenticationProviderManagerConfigurer : Global AuthenticationManager configured with AuthenticationProvider bean with name authenticationProvider
2024-06-07T01:54:42.881+03:00  WARN 13055 --- [school_registration] [           main] r$InitializeUserDetailsManagerConfigurer : Global AuthenticationManager configured with an AuthenticationProvider bean. UserDetailsService beans will not be used for username/password login. Consider removing the AuthenticationProvider bean. Alternatively, consider using the UserDetailsService in a manually instantiated DaoAuthenticationProvider.
2024-06-07T01:54:43.194+03:00  WARN 13055 --- [school_registration] [           main] JpaBaseConfiguration$JpaWebConfiguration : spring.jpa.open-in-view is enabled by default. Therefore, database queries may be performed during view rendering. Explicitly configure spring.jpa.open-in-view to disable this warning
2024-06-07T01:54:43.562+03:00  INFO 13055 --- [school_registration] [           main] o.s.s.web.DefaultSecurityFilterChain     : Will secure any request with [org.springframework.security.web.session.DisableEncodeUrlFilter@216c6825, org.springframework.security.web.context.request.async.WebAsyncManagerIntegrationFilter@56ece9c, org.springframework.security.web.context.SecurityContextHolderFilter@36995784, org.springframework.security.web.header.HeaderWriterFilter@2693e39c, org.springframework.security.web.authentication.logout.LogoutFilter@4bc75792, com.example.school_registration.jwt.AuthTokenFilter@298cfe89, org.springframework.security.web.savedrequest.RequestCacheAwareFilter@740530b, org.springframework.security.web.servletapi.SecurityContextHolderAwareRequestFilter@2943e61c, org.springframework.security.web.authentication.AnonymousAuthenticationFilter@1c4a8c93, org.springframework.security.web.session.SessionManagementFilter@16df0ebd, org.springframework.security.web.access.ExceptionTranslationFilter@326d39fd, org.springframework.security.web.access.intercept.AuthorizationFilter@14060410]
2024-06-07T01:54:44.122+03:00  INFO 13055 --- [school_registration] [           main] c.e.s.SchoolRegistrationApplicationTests : Started SchoolRegistrationApplicationTests in 6.946 seconds (process running for 8.505)
]]></system-out>
    <system-err><![CDATA[WARNING: A Java agent has been loaded dynamically (/Users/Melckzedeck063/.m2/repository/net/bytebuddy/byte-buddy-agent/1.14.16/byte-buddy-agent-1.14.16.jar)
WARNING: If a serviceability tool is in use, please run with -XX:+EnableDynamicAgentLoading to hide this warning
WARNING: If a serviceability tool is not in use, please run with -Djdk.instrument.traceUsage for more information
WARNING: Dynamic loading of agents will be disallowed by default in a future release
]]></system-err>
  </testcase>
</testsuite>